<?xml version="1.0" encoding="UTF-8"?>
<!-- Generated by org.testng.reporters.JUnitXMLReporter -->
<testsuite hostname="DESKTOP-RTOOT5Q" ignored="2" name="Create Portfolio-Create New PortFolio-pos-It.1" tests="1" failures="0" timestamp="2021-02-28T16:11:09 IST" time="29.17" errors="0">
  <testcase name="createPortfolio" time="7.069" classname="testcases.rediff.PortfolioManagement"/>
  <testcase name="deletePortfolio" time="0.0" classname="testcases.rediff.PortfolioManagement">
    <ignored/>
  </testcase> <!-- deletePortfolio -->
  <testcase name="selectPortFolio" time="0.0" classname="testcases.rediff.PortfolioManagement">
    <ignored/>
  </testcase> <!-- selectPortFolio -->
</testsuite> <!-- Create Portfolio-Create New PortFolio-pos-It.1 -->
