<?xml version="1.0" encoding="UTF-8"?>
<!-- Generated by org.testng.reporters.JUnitXMLReporter -->
<testsuite hostname="DESKTOP-RTOOT5Q" ignored="2" name="Delete Portfolio-Delete Existing PortFolio-It.2" tests="1" failures="0" timestamp="2021-02-28T16:11:34 IST" time="0.023" errors="0">
  <testcase name="@BeforeTest beforeTest" time="0.002" classname="testbase.BaseTest">
    <skipped/>
  </testcase> <!-- @BeforeTest beforeTest -->
  <testcase name="deletePortfolio" time="0.0" classname="testcases.rediff.PortfolioManagement">
    <skipped/>
  </testcase> <!-- deletePortfolio -->
  <testcase name="selectPortFolio" time="0.0" classname="testcases.rediff.PortfolioManagement">
    <ignored/>
  </testcase> <!-- selectPortFolio -->
  <testcase name="createPortfolio" time="0.0" classname="testcases.rediff.PortfolioManagement">
    <ignored/>
  </testcase> <!-- createPortfolio -->
</testsuite> <!-- Delete Portfolio-Delete Existing PortFolio-It.2 -->
