<?xml version="1.0" encoding="UTF-8"?>
<testng-results skipped="10" failed="0" ignored="12" total="22" passed="0">
  <reporter-output>
  </reporter-output>
  <suite name="Stock Suite" duration-ms="1498" started-at="2021-02-28T15:15:50 IST" finished-at="2021-02-28T15:15:51 IST">
    <groups>
    </groups>
    <test name="Add New Stock-New Stock-It.1" duration-ms="1371" started-at="2021-02-28T15:15:50 IST" finished-at="2021-02-28T15:15:51 IST">
      <class name="testcases.rediff.PortfolioManagement">
        <test-method status="SKIP" signature="beforeTest(org.testng.ITestContext)[pri:0, instance:testcases.rediff.PortfolioManagement@7946e1f4]" name="beforeTest" is-config="true" duration-ms="494" started-at="2021-02-28T15:15:50 IST" finished-at="2021-02-28T15:15:50 IST">
          <params>
            <param index="0">
              <value>
                <![CDATA[org.testng.TestRunner@62ddbd7e]]>
              </value>
            </param>
          </params>
          <exception class="org.testng.SkipException">
            <message>
              <![CDATA[Skpping as Data Runmode is N]]>
            </message>
            <full-stacktrace>
              <![CDATA[org.testng.SkipException: Skpping as Data Runmode is N
at testbase.BaseTest.beforeTest(BaseTest.java:65)
at sun.reflect.NativeMethodAccessorImpl.invoke0(Native Method)
at sun.reflect.NativeMethodAccessorImpl.invoke(Unknown Source)
at sun.reflect.DelegatingMethodAccessorImpl.invoke(Unknown Source)
at java.lang.reflect.Method.invoke(Unknown Source)
at org.testng.internal.MethodInvocationHelper.invokeMethod(MethodInvocationHelper.java:133)
at org.testng.internal.MethodInvocationHelper.invokeMethodConsideringTimeout(MethodInvocationHelper.java:62)
at org.testng.internal.ConfigInvoker.invokeConfigurationMethod(ConfigInvoker.java:340)
at org.testng.internal.ConfigInvoker.invokeConfigurations(ConfigInvoker.java:294)
at org.testng.TestRunner.invokeTestConfigurations(TestRunner.java:623)
at org.testng.TestRunner.beforeRun(TestRunner.java:613)
at org.testng.TestRunner.run(TestRunner.java:584)
at org.testng.SuiteRunner.runTest(SuiteRunner.java:402)
at org.testng.SuiteRunner.runSequentially(SuiteRunner.java:396)
at org.testng.SuiteRunner.privateRun(SuiteRunner.java:355)
at org.testng.SuiteRunner.run(SuiteRunner.java:304)
at org.testng.SuiteRunnerWorker.runSuite(SuiteRunnerWorker.java:53)
at org.testng.SuiteRunnerWorker.run(SuiteRunnerWorker.java:96)
at org.testng.TestNG.runSuitesSequentially(TestNG.java:1180)
at org.testng.TestNG.runSuitesLocally(TestNG.java:1102)
at org.testng.TestNG.runSuites(TestNG.java:1032)
at org.testng.TestNG.run(TestNG.java:1000)
at runner.TestNGRunner.run(TestNGRunner.java:86)
at runner.JSONRunner.main(JSONRunner.java:106)
]]>
            </full-stacktrace>
          </exception> <!-- org.testng.SkipException -->
          <reporter-output>
          </reporter-output>
        </test-method> <!-- beforeTest -->
        <test-method status="PASS" signature="beforeMethod(org.testng.ITestContext)[pri:0, instance:testcases.rediff.PortfolioManagement@7946e1f4]" name="beforeMethod" is-config="true" duration-ms="0" started-at="2021-02-28T15:15:50 IST" finished-at="2021-02-28T15:15:50 IST">
          <params>
            <param index="0">
              <value>
                <![CDATA[org.testng.TestRunner@62ddbd7e]]>
              </value>
            </param>
          </params>
          <reporter-output>
          </reporter-output>
        </test-method> <!-- beforeMethod -->
        <test-method status="SKIP" signature="selectPortFolio()[pri:0, instance:testcases.rediff.PortfolioManagement@7946e1f4]" name="selectPortFolio" duration-ms="0" started-at="2021-02-28T15:15:50 IST" finished-at="2021-02-28T15:15:50 IST">
          <exception class="org.testng.SkipException">
            <message>
              <![CDATA[Skpping as Data Runmode is N]]>
            </message>
            <full-stacktrace>
              <![CDATA[org.testng.SkipException: Skpping as Data Runmode is N
at testbase.BaseTest.beforeTest(BaseTest.java:65)
at sun.reflect.NativeMethodAccessorImpl.invoke0(Native Method)
at sun.reflect.NativeMethodAccessorImpl.invoke(Unknown Source)
at sun.reflect.DelegatingMethodAccessorImpl.invoke(Unknown Source)
at java.lang.reflect.Method.invoke(Unknown Source)
at org.testng.internal.MethodInvocationHelper.invokeMethod(MethodInvocationHelper.java:133)
at org.testng.internal.MethodInvocationHelper.invokeMethodConsideringTimeout(MethodInvocationHelper.java:62)
at org.testng.internal.ConfigInvoker.invokeConfigurationMethod(ConfigInvoker.java:340)
at org.testng.internal.ConfigInvoker.invokeConfigurations(ConfigInvoker.java:294)
at org.testng.TestRunner.invokeTestConfigurations(TestRunner.java:623)
at org.testng.TestRunner.beforeRun(TestRunner.java:613)
at org.testng.TestRunner.run(TestRunner.java:584)
at org.testng.SuiteRunner.runTest(SuiteRunner.java:402)
at org.testng.SuiteRunner.runSequentially(SuiteRunner.java:396)
at org.testng.SuiteRunner.privateRun(SuiteRunner.java:355)
at org.testng.SuiteRunner.run(SuiteRunner.java:304)
at org.testng.SuiteRunnerWorker.runSuite(SuiteRunnerWorker.java:53)
at org.testng.SuiteRunnerWorker.run(SuiteRunnerWorker.java:96)
at org.testng.TestNG.runSuitesSequentially(TestNG.java:1180)
at org.testng.TestNG.runSuitesLocally(TestNG.java:1102)
at org.testng.TestNG.runSuites(TestNG.java:1032)
at org.testng.TestNG.run(TestNG.java:1000)
at runner.TestNGRunner.run(TestNGRunner.java:86)
at runner.JSONRunner.main(JSONRunner.java:106)
]]>
            </full-stacktrace>
          </exception> <!-- org.testng.SkipException -->
          <reporter-output>
          </reporter-output>
        </test-method> <!-- selectPortFolio -->
        <test-method status="PASS" signature="quit(org.testng.ITestContext)[pri:0, instance:testcases.rediff.PortfolioManagement@7946e1f4]" name="quit" is-config="true" duration-ms="754" started-at="2021-02-28T15:15:50 IST" finished-at="2021-02-28T15:15:51 IST">
          <params>
            <param index="0">
              <value>
                <![CDATA[org.testng.TestRunner@62ddbd7e]]>
              </value>
            </param>
          </params>
          <reporter-output>
          </reporter-output>
        </test-method> <!-- quit -->
      </class> <!-- testcases.rediff.PortfolioManagement -->
      <class name="testcases.rediff.StockManagement">
        <test-method status="PASS" signature="beforeMethod(org.testng.ITestContext)[pri:0, instance:testcases.rediff.StockManagement@2669b199]" name="beforeMethod" is-config="true" duration-ms="0" started-at="2021-02-28T15:15:50 IST" finished-at="2021-02-28T15:15:50 IST">
          <params>
            <param index="0">
              <value>
                <![CDATA[org.testng.TestRunner@62ddbd7e]]>
              </value>
            </param>
          </params>
          <reporter-output>
          </reporter-output>
        </test-method> <!-- beforeMethod -->
        <test-method status="PASS" signature="beforeMethod(org.testng.ITestContext)[pri:0, instance:testcases.rediff.StockManagement@2669b199]" name="beforeMethod" is-config="true" duration-ms="1" started-at="2021-02-28T15:15:50 IST" finished-at="2021-02-28T15:15:50 IST">
          <params>
            <param index="0">
              <value>
                <![CDATA[org.testng.TestRunner@62ddbd7e]]>
              </value>
            </param>
          </params>
          <reporter-output>
          </reporter-output>
        </test-method> <!-- beforeMethod -->
        <test-method status="SKIP" signature="addNewStock(org.testng.ITestContext)[pri:0, instance:testcases.rediff.StockManagement@2669b199]" name="addNewStock" duration-ms="0" started-at="2021-02-28T15:15:50 IST" finished-at="2021-02-28T15:15:50 IST">
          <exception class="org.testng.SkipException">
            <message>
              <![CDATA[Skpping as Data Runmode is N]]>
            </message>
            <full-stacktrace>
              <![CDATA[org.testng.SkipException: Skpping as Data Runmode is N
at testbase.BaseTest.beforeTest(BaseTest.java:65)
at sun.reflect.NativeMethodAccessorImpl.invoke0(Native Method)
at sun.reflect.NativeMethodAccessorImpl.invoke(Unknown Source)
at sun.reflect.DelegatingMethodAccessorImpl.invoke(Unknown Source)
at java.lang.reflect.Method.invoke(Unknown Source)
at org.testng.internal.MethodInvocationHelper.invokeMethod(MethodInvocationHelper.java:133)
at org.testng.internal.MethodInvocationHelper.invokeMethodConsideringTimeout(MethodInvocationHelper.java:62)
at org.testng.internal.ConfigInvoker.invokeConfigurationMethod(ConfigInvoker.java:340)
at org.testng.internal.ConfigInvoker.invokeConfigurations(ConfigInvoker.java:294)
at org.testng.TestRunner.invokeTestConfigurations(TestRunner.java:623)
at org.testng.TestRunner.beforeRun(TestRunner.java:613)
at org.testng.TestRunner.run(TestRunner.java:584)
at org.testng.SuiteRunner.runTest(SuiteRunner.java:402)
at org.testng.SuiteRunner.runSequentially(SuiteRunner.java:396)
at org.testng.SuiteRunner.privateRun(SuiteRunner.java:355)
at org.testng.SuiteRunner.run(SuiteRunner.java:304)
at org.testng.SuiteRunnerWorker.runSuite(SuiteRunnerWorker.java:53)
at org.testng.SuiteRunnerWorker.run(SuiteRunnerWorker.java:96)
at org.testng.TestNG.runSuitesSequentially(TestNG.java:1180)
at org.testng.TestNG.runSuitesLocally(TestNG.java:1102)
at org.testng.TestNG.runSuites(TestNG.java:1032)
at org.testng.TestNG.run(TestNG.java:1000)
at runner.TestNGRunner.run(TestNGRunner.java:86)
at runner.JSONRunner.main(JSONRunner.java:106)
]]>
            </full-stacktrace>
          </exception> <!-- org.testng.SkipException -->
          <reporter-output>
          </reporter-output>
        </test-method> <!-- addNewStock -->
        <test-method status="SKIP" signature="verifyStockPresent()[pri:0, instance:testcases.rediff.StockManagement@2669b199]" name="verifyStockPresent" duration-ms="0" started-at="2021-02-28T15:15:50 IST" finished-at="2021-02-28T15:15:50 IST">
          <exception class="org.testng.SkipException">
            <message>
              <![CDATA[Skpping as Data Runmode is N]]>
            </message>
            <full-stacktrace>
              <![CDATA[org.testng.SkipException: Skpping as Data Runmode is N
at testbase.BaseTest.beforeTest(BaseTest.java:65)
at sun.reflect.NativeMethodAccessorImpl.invoke0(Native Method)
at sun.reflect.NativeMethodAccessorImpl.invoke(Unknown Source)
at sun.reflect.DelegatingMethodAccessorImpl.invoke(Unknown Source)
at java.lang.reflect.Method.invoke(Unknown Source)
at org.testng.internal.MethodInvocationHelper.invokeMethod(MethodInvocationHelper.java:133)
at org.testng.internal.MethodInvocationHelper.invokeMethodConsideringTimeout(MethodInvocationHelper.java:62)
at org.testng.internal.ConfigInvoker.invokeConfigurationMethod(ConfigInvoker.java:340)
at org.testng.internal.ConfigInvoker.invokeConfigurations(ConfigInvoker.java:294)
at org.testng.TestRunner.invokeTestConfigurations(TestRunner.java:623)
at org.testng.TestRunner.beforeRun(TestRunner.java:613)
at org.testng.TestRunner.run(TestRunner.java:584)
at org.testng.SuiteRunner.runTest(SuiteRunner.java:402)
at org.testng.SuiteRunner.runSequentially(SuiteRunner.java:396)
at org.testng.SuiteRunner.privateRun(SuiteRunner.java:355)
at org.testng.SuiteRunner.run(SuiteRunner.java:304)
at org.testng.SuiteRunnerWorker.runSuite(SuiteRunnerWorker.java:53)
at org.testng.SuiteRunnerWorker.run(SuiteRunnerWorker.java:96)
at org.testng.TestNG.runSuitesSequentially(TestNG.java:1180)
at org.testng.TestNG.runSuitesLocally(TestNG.java:1102)
at org.testng.TestNG.runSuites(TestNG.java:1032)
at org.testng.TestNG.run(TestNG.java:1000)
at runner.TestNGRunner.run(TestNGRunner.java:86)
at runner.JSONRunner.main(JSONRunner.java:106)
]]>
            </full-stacktrace>
          </exception> <!-- org.testng.SkipException -->
          <reporter-output>
          </reporter-output>
        </test-method> <!-- verifyStockPresent -->
        <test-method status="PASS" signature="beforeMethod(org.testng.ITestContext)[pri:0, instance:testcases.rediff.StockManagement@2669b199]" name="beforeMethod" is-config="true" duration-ms="2" started-at="2021-02-28T15:15:50 IST" finished-at="2021-02-28T15:15:50 IST">
          <params>
            <param index="0">
              <value>
                <![CDATA[org.testng.TestRunner@62ddbd7e]]>
              </value>
            </param>
          </params>
          <reporter-output>
          </reporter-output>
        </test-method> <!-- beforeMethod -->
        <test-method status="SKIP" signature="verifyStockQuantity(java.lang.String, org.testng.ITestContext)[pri:0, instance:testcases.rediff.StockManagement@2669b199]" name="verifyStockQuantity" duration-ms="0" started-at="2021-02-28T15:15:50 IST" finished-at="2021-02-28T15:15:50 IST">
          <exception class="org.testng.SkipException">
            <message>
              <![CDATA[Skpping as Data Runmode is N]]>
            </message>
            <full-stacktrace>
              <![CDATA[org.testng.SkipException: Skpping as Data Runmode is N
at testbase.BaseTest.beforeTest(BaseTest.java:65)
at sun.reflect.NativeMethodAccessorImpl.invoke0(Native Method)
at sun.reflect.NativeMethodAccessorImpl.invoke(Unknown Source)
at sun.reflect.DelegatingMethodAccessorImpl.invoke(Unknown Source)
at java.lang.reflect.Method.invoke(Unknown Source)
at org.testng.internal.MethodInvocationHelper.invokeMethod(MethodInvocationHelper.java:133)
at org.testng.internal.MethodInvocationHelper.invokeMethodConsideringTimeout(MethodInvocationHelper.java:62)
at org.testng.internal.ConfigInvoker.invokeConfigurationMethod(ConfigInvoker.java:340)
at org.testng.internal.ConfigInvoker.invokeConfigurations(ConfigInvoker.java:294)
at org.testng.TestRunner.invokeTestConfigurations(TestRunner.java:623)
at org.testng.TestRunner.beforeRun(TestRunner.java:613)
at org.testng.TestRunner.run(TestRunner.java:584)
at org.testng.SuiteRunner.runTest(SuiteRunner.java:402)
at org.testng.SuiteRunner.runSequentially(SuiteRunner.java:396)
at org.testng.SuiteRunner.privateRun(SuiteRunner.java:355)
at org.testng.SuiteRunner.run(SuiteRunner.java:304)
at org.testng.SuiteRunnerWorker.runSuite(SuiteRunnerWorker.java:53)
at org.testng.SuiteRunnerWorker.run(SuiteRunnerWorker.java:96)
at org.testng.TestNG.runSuitesSequentially(TestNG.java:1180)
at org.testng.TestNG.runSuitesLocally(TestNG.java:1102)
at org.testng.TestNG.runSuites(TestNG.java:1032)
at org.testng.TestNG.run(TestNG.java:1000)
at runner.TestNGRunner.run(TestNGRunner.java:86)
at runner.JSONRunner.main(JSONRunner.java:106)
]]>
            </full-stacktrace>
          </exception> <!-- org.testng.SkipException -->
          <reporter-output>
          </reporter-output>
        </test-method> <!-- verifyStockQuantity -->
        <test-method status="PASS" signature="beforeMethod(org.testng.ITestContext)[pri:0, instance:testcases.rediff.StockManagement@2669b199]" name="beforeMethod" is-config="true" duration-ms="1" started-at="2021-02-28T15:15:50 IST" finished-at="2021-02-28T15:15:50 IST">
          <params>
            <param index="0">
              <value>
                <![CDATA[org.testng.TestRunner@62ddbd7e]]>
              </value>
            </param>
          </params>
          <reporter-output>
          </reporter-output>
        </test-method> <!-- beforeMethod -->
        <test-method status="SKIP" signature="verifyTransactionHistory(java.lang.String)[pri:0, instance:testcases.rediff.StockManagement@2669b199]" name="verifyTransactionHistory" duration-ms="0" started-at="2021-02-28T15:15:50 IST" finished-at="2021-02-28T15:15:50 IST">
          <exception class="org.testng.SkipException">
            <message>
              <![CDATA[Skpping as Data Runmode is N]]>
            </message>
            <full-stacktrace>
              <![CDATA[org.testng.SkipException: Skpping as Data Runmode is N
at testbase.BaseTest.beforeTest(BaseTest.java:65)
at sun.reflect.NativeMethodAccessorImpl.invoke0(Native Method)
at sun.reflect.NativeMethodAccessorImpl.invoke(Unknown Source)
at sun.reflect.DelegatingMethodAccessorImpl.invoke(Unknown Source)
at java.lang.reflect.Method.invoke(Unknown Source)
at org.testng.internal.MethodInvocationHelper.invokeMethod(MethodInvocationHelper.java:133)
at org.testng.internal.MethodInvocationHelper.invokeMethodConsideringTimeout(MethodInvocationHelper.java:62)
at org.testng.internal.ConfigInvoker.invokeConfigurationMethod(ConfigInvoker.java:340)
at org.testng.internal.ConfigInvoker.invokeConfigurations(ConfigInvoker.java:294)
at org.testng.TestRunner.invokeTestConfigurations(TestRunner.java:623)
at org.testng.TestRunner.beforeRun(TestRunner.java:613)
at org.testng.TestRunner.run(TestRunner.java:584)
at org.testng.SuiteRunner.runTest(SuiteRunner.java:402)
at org.testng.SuiteRunner.runSequentially(SuiteRunner.java:396)
at org.testng.SuiteRunner.privateRun(SuiteRunner.java:355)
at org.testng.SuiteRunner.run(SuiteRunner.java:304)
at org.testng.SuiteRunnerWorker.runSuite(SuiteRunnerWorker.java:53)
at org.testng.SuiteRunnerWorker.run(SuiteRunnerWorker.java:96)
at org.testng.TestNG.runSuitesSequentially(TestNG.java:1180)
at org.testng.TestNG.runSuitesLocally(TestNG.java:1102)
at org.testng.TestNG.runSuites(TestNG.java:1032)
at org.testng.TestNG.run(TestNG.java:1000)
at runner.TestNGRunner.run(TestNGRunner.java:86)
at runner.JSONRunner.main(JSONRunner.java:106)
]]>
            </full-stacktrace>
          </exception> <!-- org.testng.SkipException -->
          <reporter-output>
          </reporter-output>
        </test-method> <!-- verifyTransactionHistory -->
      </class> <!-- testcases.rediff.StockManagement -->
    </test> <!-- Add New Stock-New Stock-It.1 -->
    <test name="Add New Stock-New Stock-It.2" duration-ms="24" started-at="2021-02-28T15:15:51 IST" finished-at="2021-02-28T15:15:51 IST">
      <class name="testcases.rediff.PortfolioManagement">
        <test-method status="SKIP" signature="beforeTest(org.testng.ITestContext)[pri:0, instance:testcases.rediff.PortfolioManagement@2ef5e5e3]" name="beforeTest" is-config="true" duration-ms="3" started-at="2021-02-28T15:15:51 IST" finished-at="2021-02-28T15:15:51 IST">
          <params>
            <param index="0">
              <value>
                <![CDATA[org.testng.TestRunner@b3ca52e]]>
              </value>
            </param>
          </params>
          <exception class="org.testng.SkipException">
            <message>
              <![CDATA[Skpping as Data Runmode is N]]>
            </message>
            <full-stacktrace>
              <![CDATA[org.testng.SkipException: Skpping as Data Runmode is N
at testbase.BaseTest.beforeTest(BaseTest.java:65)
at sun.reflect.NativeMethodAccessorImpl.invoke0(Native Method)
at sun.reflect.NativeMethodAccessorImpl.invoke(Unknown Source)
at sun.reflect.DelegatingMethodAccessorImpl.invoke(Unknown Source)
at java.lang.reflect.Method.invoke(Unknown Source)
at org.testng.internal.MethodInvocationHelper.invokeMethod(MethodInvocationHelper.java:133)
at org.testng.internal.MethodInvocationHelper.invokeMethodConsideringTimeout(MethodInvocationHelper.java:62)
at org.testng.internal.ConfigInvoker.invokeConfigurationMethod(ConfigInvoker.java:340)
at org.testng.internal.ConfigInvoker.invokeConfigurations(ConfigInvoker.java:294)
at org.testng.TestRunner.invokeTestConfigurations(TestRunner.java:623)
at org.testng.TestRunner.beforeRun(TestRunner.java:613)
at org.testng.TestRunner.run(TestRunner.java:584)
at org.testng.SuiteRunner.runTest(SuiteRunner.java:402)
at org.testng.SuiteRunner.runSequentially(SuiteRunner.java:396)
at org.testng.SuiteRunner.privateRun(SuiteRunner.java:355)
at org.testng.SuiteRunner.run(SuiteRunner.java:304)
at org.testng.SuiteRunnerWorker.runSuite(SuiteRunnerWorker.java:53)
at org.testng.SuiteRunnerWorker.run(SuiteRunnerWorker.java:96)
at org.testng.TestNG.runSuitesSequentially(TestNG.java:1180)
at org.testng.TestNG.runSuitesLocally(TestNG.java:1102)
at org.testng.TestNG.runSuites(TestNG.java:1032)
at org.testng.TestNG.run(TestNG.java:1000)
at runner.TestNGRunner.run(TestNGRunner.java:86)
at runner.JSONRunner.main(JSONRunner.java:106)
]]>
            </full-stacktrace>
          </exception> <!-- org.testng.SkipException -->
          <reporter-output>
          </reporter-output>
        </test-method> <!-- beforeTest -->
        <test-method status="SKIP" signature="selectPortFolio()[pri:0, instance:testcases.rediff.PortfolioManagement@2ef5e5e3]" name="selectPortFolio" duration-ms="0" started-at="2021-02-28T15:15:51 IST" finished-at="2021-02-28T15:15:51 IST">
          <exception class="org.testng.SkipException">
            <message>
              <![CDATA[Skpping as Data Runmode is N]]>
            </message>
            <full-stacktrace>
              <![CDATA[org.testng.SkipException: Skpping as Data Runmode is N
at testbase.BaseTest.beforeTest(BaseTest.java:65)
at sun.reflect.NativeMethodAccessorImpl.invoke0(Native Method)
at sun.reflect.NativeMethodAccessorImpl.invoke(Unknown Source)
at sun.reflect.DelegatingMethodAccessorImpl.invoke(Unknown Source)
at java.lang.reflect.Method.invoke(Unknown Source)
at org.testng.internal.MethodInvocationHelper.invokeMethod(MethodInvocationHelper.java:133)
at org.testng.internal.MethodInvocationHelper.invokeMethodConsideringTimeout(MethodInvocationHelper.java:62)
at org.testng.internal.ConfigInvoker.invokeConfigurationMethod(ConfigInvoker.java:340)
at org.testng.internal.ConfigInvoker.invokeConfigurations(ConfigInvoker.java:294)
at org.testng.TestRunner.invokeTestConfigurations(TestRunner.java:623)
at org.testng.TestRunner.beforeRun(TestRunner.java:613)
at org.testng.TestRunner.run(TestRunner.java:584)
at org.testng.SuiteRunner.runTest(SuiteRunner.java:402)
at org.testng.SuiteRunner.runSequentially(SuiteRunner.java:396)
at org.testng.SuiteRunner.privateRun(SuiteRunner.java:355)
at org.testng.SuiteRunner.run(SuiteRunner.java:304)
at org.testng.SuiteRunnerWorker.runSuite(SuiteRunnerWorker.java:53)
at org.testng.SuiteRunnerWorker.run(SuiteRunnerWorker.java:96)
at org.testng.TestNG.runSuitesSequentially(TestNG.java:1180)
at org.testng.TestNG.runSuitesLocally(TestNG.java:1102)
at org.testng.TestNG.runSuites(TestNG.java:1032)
at org.testng.TestNG.run(TestNG.java:1000)
at runner.TestNGRunner.run(TestNGRunner.java:86)
at runner.JSONRunner.main(JSONRunner.java:106)
]]>
            </full-stacktrace>
          </exception> <!-- org.testng.SkipException -->
          <reporter-output>
          </reporter-output>
        </test-method> <!-- selectPortFolio -->
        <test-method status="PASS" signature="beforeMethod(org.testng.ITestContext)[pri:0, instance:testcases.rediff.PortfolioManagement@2ef5e5e3]" name="beforeMethod" is-config="true" duration-ms="0" started-at="2021-02-28T15:15:51 IST" finished-at="2021-02-28T15:15:51 IST">
          <params>
            <param index="0">
              <value>
                <![CDATA[org.testng.TestRunner@b3ca52e]]>
              </value>
            </param>
          </params>
          <reporter-output>
          </reporter-output>
        </test-method> <!-- beforeMethod -->
        <test-method status="PASS" signature="quit(org.testng.ITestContext)[pri:0, instance:testcases.rediff.PortfolioManagement@2ef5e5e3]" name="quit" is-config="true" duration-ms="14" started-at="2021-02-28T15:15:51 IST" finished-at="2021-02-28T15:15:51 IST">
          <params>
            <param index="0">
              <value>
                <![CDATA[org.testng.TestRunner@b3ca52e]]>
              </value>
            </param>
          </params>
          <reporter-output>
          </reporter-output>
        </test-method> <!-- quit -->
      </class> <!-- testcases.rediff.PortfolioManagement -->
      <class name="testcases.rediff.StockManagement">
        <test-method status="SKIP" signature="addNewStock(org.testng.ITestContext)[pri:0, instance:testcases.rediff.StockManagement@36d4b5c]" name="addNewStock" duration-ms="0" started-at="2021-02-28T15:15:51 IST" finished-at="2021-02-28T15:15:51 IST">
          <exception class="org.testng.SkipException">
            <message>
              <![CDATA[Skpping as Data Runmode is N]]>
            </message>
            <full-stacktrace>
              <![CDATA[org.testng.SkipException: Skpping as Data Runmode is N
at testbase.BaseTest.beforeTest(BaseTest.java:65)
at sun.reflect.NativeMethodAccessorImpl.invoke0(Native Method)
at sun.reflect.NativeMethodAccessorImpl.invoke(Unknown Source)
at sun.reflect.DelegatingMethodAccessorImpl.invoke(Unknown Source)
at java.lang.reflect.Method.invoke(Unknown Source)
at org.testng.internal.MethodInvocationHelper.invokeMethod(MethodInvocationHelper.java:133)
at org.testng.internal.MethodInvocationHelper.invokeMethodConsideringTimeout(MethodInvocationHelper.java:62)
at org.testng.internal.ConfigInvoker.invokeConfigurationMethod(ConfigInvoker.java:340)
at org.testng.internal.ConfigInvoker.invokeConfigurations(ConfigInvoker.java:294)
at org.testng.TestRunner.invokeTestConfigurations(TestRunner.java:623)
at org.testng.TestRunner.beforeRun(TestRunner.java:613)
at org.testng.TestRunner.run(TestRunner.java:584)
at org.testng.SuiteRunner.runTest(SuiteRunner.java:402)
at org.testng.SuiteRunner.runSequentially(SuiteRunner.java:396)
at org.testng.SuiteRunner.privateRun(SuiteRunner.java:355)
at org.testng.SuiteRunner.run(SuiteRunner.java:304)
at org.testng.SuiteRunnerWorker.runSuite(SuiteRunnerWorker.java:53)
at org.testng.SuiteRunnerWorker.run(SuiteRunnerWorker.java:96)
at org.testng.TestNG.runSuitesSequentially(TestNG.java:1180)
at org.testng.TestNG.runSuitesLocally(TestNG.java:1102)
at org.testng.TestNG.runSuites(TestNG.java:1032)
at org.testng.TestNG.run(TestNG.java:1000)
at runner.TestNGRunner.run(TestNGRunner.java:86)
at runner.JSONRunner.main(JSONRunner.java:106)
]]>
            </full-stacktrace>
          </exception> <!-- org.testng.SkipException -->
          <reporter-output>
          </reporter-output>
        </test-method> <!-- addNewStock -->
        <test-method status="PASS" signature="beforeMethod(org.testng.ITestContext)[pri:0, instance:testcases.rediff.StockManagement@36d4b5c]" name="beforeMethod" is-config="true" duration-ms="0" started-at="2021-02-28T15:15:51 IST" finished-at="2021-02-28T15:15:51 IST">
          <params>
            <param index="0">
              <value>
                <![CDATA[org.testng.TestRunner@b3ca52e]]>
              </value>
            </param>
          </params>
          <reporter-output>
          </reporter-output>
        </test-method> <!-- beforeMethod -->
        <test-method status="SKIP" signature="verifyStockPresent()[pri:0, instance:testcases.rediff.StockManagement@36d4b5c]" name="verifyStockPresent" duration-ms="0" started-at="2021-02-28T15:15:51 IST" finished-at="2021-02-28T15:15:51 IST">
          <exception class="org.testng.SkipException">
            <message>
              <![CDATA[Skpping as Data Runmode is N]]>
            </message>
            <full-stacktrace>
              <![CDATA[org.testng.SkipException: Skpping as Data Runmode is N
at testbase.BaseTest.beforeTest(BaseTest.java:65)
at sun.reflect.NativeMethodAccessorImpl.invoke0(Native Method)
at sun.reflect.NativeMethodAccessorImpl.invoke(Unknown Source)
at sun.reflect.DelegatingMethodAccessorImpl.invoke(Unknown Source)
at java.lang.reflect.Method.invoke(Unknown Source)
at org.testng.internal.MethodInvocationHelper.invokeMethod(MethodInvocationHelper.java:133)
at org.testng.internal.MethodInvocationHelper.invokeMethodConsideringTimeout(MethodInvocationHelper.java:62)
at org.testng.internal.ConfigInvoker.invokeConfigurationMethod(ConfigInvoker.java:340)
at org.testng.internal.ConfigInvoker.invokeConfigurations(ConfigInvoker.java:294)
at org.testng.TestRunner.invokeTestConfigurations(TestRunner.java:623)
at org.testng.TestRunner.beforeRun(TestRunner.java:613)
at org.testng.TestRunner.run(TestRunner.java:584)
at org.testng.SuiteRunner.runTest(SuiteRunner.java:402)
at org.testng.SuiteRunner.runSequentially(SuiteRunner.java:396)
at org.testng.SuiteRunner.privateRun(SuiteRunner.java:355)
at org.testng.SuiteRunner.run(SuiteRunner.java:304)
at org.testng.SuiteRunnerWorker.runSuite(SuiteRunnerWorker.java:53)
at org.testng.SuiteRunnerWorker.run(SuiteRunnerWorker.java:96)
at org.testng.TestNG.runSuitesSequentially(TestNG.java:1180)
at org.testng.TestNG.runSuitesLocally(TestNG.java:1102)
at org.testng.TestNG.runSuites(TestNG.java:1032)
at org.testng.TestNG.run(TestNG.java:1000)
at runner.TestNGRunner.run(TestNGRunner.java:86)
at runner.JSONRunner.main(JSONRunner.java:106)
]]>
            </full-stacktrace>
          </exception> <!-- org.testng.SkipException -->
          <reporter-output>
          </reporter-output>
        </test-method> <!-- verifyStockPresent -->
        <test-method status="PASS" signature="beforeMethod(org.testng.ITestContext)[pri:0, instance:testcases.rediff.StockManagement@36d4b5c]" name="beforeMethod" is-config="true" duration-ms="0" started-at="2021-02-28T15:15:51 IST" finished-at="2021-02-28T15:15:51 IST">
          <params>
            <param index="0">
              <value>
                <![CDATA[org.testng.TestRunner@b3ca52e]]>
              </value>
            </param>
          </params>
          <reporter-output>
          </reporter-output>
        </test-method> <!-- beforeMethod -->
        <test-method status="SKIP" signature="verifyStockQuantity(java.lang.String, org.testng.ITestContext)[pri:0, instance:testcases.rediff.StockManagement@36d4b5c]" name="verifyStockQuantity" duration-ms="0" started-at="2021-02-28T15:15:51 IST" finished-at="2021-02-28T15:15:51 IST">
          <exception class="org.testng.SkipException">
            <message>
              <![CDATA[Skpping as Data Runmode is N]]>
            </message>
            <full-stacktrace>
              <![CDATA[org.testng.SkipException: Skpping as Data Runmode is N
at testbase.BaseTest.beforeTest(BaseTest.java:65)
at sun.reflect.NativeMethodAccessorImpl.invoke0(Native Method)
at sun.reflect.NativeMethodAccessorImpl.invoke(Unknown Source)
at sun.reflect.DelegatingMethodAccessorImpl.invoke(Unknown Source)
at java.lang.reflect.Method.invoke(Unknown Source)
at org.testng.internal.MethodInvocationHelper.invokeMethod(MethodInvocationHelper.java:133)
at org.testng.internal.MethodInvocationHelper.invokeMethodConsideringTimeout(MethodInvocationHelper.java:62)
at org.testng.internal.ConfigInvoker.invokeConfigurationMethod(ConfigInvoker.java:340)
at org.testng.internal.ConfigInvoker.invokeConfigurations(ConfigInvoker.java:294)
at org.testng.TestRunner.invokeTestConfigurations(TestRunner.java:623)
at org.testng.TestRunner.beforeRun(TestRunner.java:613)
at org.testng.TestRunner.run(TestRunner.java:584)
at org.testng.SuiteRunner.runTest(SuiteRunner.java:402)
at org.testng.SuiteRunner.runSequentially(SuiteRunner.java:396)
at org.testng.SuiteRunner.privateRun(SuiteRunner.java:355)
at org.testng.SuiteRunner.run(SuiteRunner.java:304)
at org.testng.SuiteRunnerWorker.runSuite(SuiteRunnerWorker.java:53)
at org.testng.SuiteRunnerWorker.run(SuiteRunnerWorker.java:96)
at org.testng.TestNG.runSuitesSequentially(TestNG.java:1180)
at org.testng.TestNG.runSuitesLocally(TestNG.java:1102)
at org.testng.TestNG.runSuites(TestNG.java:1032)
at org.testng.TestNG.run(TestNG.java:1000)
at runner.TestNGRunner.run(TestNGRunner.java:86)
at runner.JSONRunner.main(JSONRunner.java:106)
]]>
            </full-stacktrace>
          </exception> <!-- org.testng.SkipException -->
          <reporter-output>
          </reporter-output>
        </test-method> <!-- verifyStockQuantity -->
        <test-method status="PASS" signature="beforeMethod(org.testng.ITestContext)[pri:0, instance:testcases.rediff.StockManagement@36d4b5c]" name="beforeMethod" is-config="true" duration-ms="0" started-at="2021-02-28T15:15:51 IST" finished-at="2021-02-28T15:15:51 IST">
          <params>
            <param index="0">
              <value>
                <![CDATA[org.testng.TestRunner@b3ca52e]]>
              </value>
            </param>
          </params>
          <reporter-output>
          </reporter-output>
        </test-method> <!-- beforeMethod -->
        <test-method status="PASS" signature="beforeMethod(org.testng.ITestContext)[pri:0, instance:testcases.rediff.StockManagement@36d4b5c]" name="beforeMethod" is-config="true" duration-ms="0" started-at="2021-02-28T15:15:51 IST" finished-at="2021-02-28T15:15:51 IST">
          <params>
            <param index="0">
              <value>
                <![CDATA[org.testng.TestRunner@b3ca52e]]>
              </value>
            </param>
          </params>
          <reporter-output>
          </reporter-output>
        </test-method> <!-- beforeMethod -->
        <test-method status="SKIP" signature="verifyTransactionHistory(java.lang.String)[pri:0, instance:testcases.rediff.StockManagement@36d4b5c]" name="verifyTransactionHistory" duration-ms="0" started-at="2021-02-28T15:15:51 IST" finished-at="2021-02-28T15:15:51 IST">
          <exception class="org.testng.SkipException">
            <message>
              <![CDATA[Skpping as Data Runmode is N]]>
            </message>
            <full-stacktrace>
              <![CDATA[org.testng.SkipException: Skpping as Data Runmode is N
at testbase.BaseTest.beforeTest(BaseTest.java:65)
at sun.reflect.NativeMethodAccessorImpl.invoke0(Native Method)
at sun.reflect.NativeMethodAccessorImpl.invoke(Unknown Source)
at sun.reflect.DelegatingMethodAccessorImpl.invoke(Unknown Source)
at java.lang.reflect.Method.invoke(Unknown Source)
at org.testng.internal.MethodInvocationHelper.invokeMethod(MethodInvocationHelper.java:133)
at org.testng.internal.MethodInvocationHelper.invokeMethodConsideringTimeout(MethodInvocationHelper.java:62)
at org.testng.internal.ConfigInvoker.invokeConfigurationMethod(ConfigInvoker.java:340)
at org.testng.internal.ConfigInvoker.invokeConfigurations(ConfigInvoker.java:294)
at org.testng.TestRunner.invokeTestConfigurations(TestRunner.java:623)
at org.testng.TestRunner.beforeRun(TestRunner.java:613)
at org.testng.TestRunner.run(TestRunner.java:584)
at org.testng.SuiteRunner.runTest(SuiteRunner.java:402)
at org.testng.SuiteRunner.runSequentially(SuiteRunner.java:396)
at org.testng.SuiteRunner.privateRun(SuiteRunner.java:355)
at org.testng.SuiteRunner.run(SuiteRunner.java:304)
at org.testng.SuiteRunnerWorker.runSuite(SuiteRunnerWorker.java:53)
at org.testng.SuiteRunnerWorker.run(SuiteRunnerWorker.java:96)
at org.testng.TestNG.runSuitesSequentially(TestNG.java:1180)
at org.testng.TestNG.runSuitesLocally(TestNG.java:1102)
at org.testng.TestNG.runSuites(TestNG.java:1032)
at org.testng.TestNG.run(TestNG.java:1000)
at runner.TestNGRunner.run(TestNGRunner.java:86)
at runner.JSONRunner.main(JSONRunner.java:106)
]]>
            </full-stacktrace>
          </exception> <!-- org.testng.SkipException -->
          <reporter-output>
          </reporter-output>
        </test-method> <!-- verifyTransactionHistory -->
      </class> <!-- testcases.rediff.StockManagement -->
    </test> <!-- Add New Stock-New Stock-It.2 -->
  </suite> <!-- Stock Suite -->
</testng-results>
